{"C:\\Users\\52557\\Documents\\react-apps\\note-app\\src\\App5.js": {"path":"C:\\Users\\52557\\Documents\\react-apps\\note-app\\src\\App5.js","statementMap":{"0":{"start":{"line":1,"column":0},"end":{"line":null,"column":-1}},"1":{"start":{"line":2,"column":0},"end":{"line":null,"column":-1}},"2":{"start":{"line":3,"column":0},"end":{"line":null,"column":-1}},"3":{"start":{"line":4,"column":0},"end":{"line":null,"column":-1}},"4":{"start":{"line":5,"column":0},"end":{"line":null,"column":-1}},"5":{"start":{"line":6,"column":0},"end":{"line":null,"column":-1}},"6":{"start":{"line":7,"column":0},"end":{"line":null,"column":-1}},"7":{"start":{"line":8,"column":0},"end":{"line":null,"column":-1}},"8":{"start":{"line":8,"column":50},"end":{"line":null,"column":-1}},"9":{"start":{"line":10,"column":12},"end":{"line":179,"column":1}},"10":{"start":{"line":11,"column":34},"end":{"line":11,"column":46}},"11":{"start":{"line":11,"column":46},"end":{"line":null,"column":-1}},"12":{"start":{"line":11,"column":17},"end":{"line":null,"column":-1}},"13":{"start":{"line":11,"column":30},"end":{"line":null,"column":-1}},"14":{"start":{"line":12,"column":34},"end":{"line":12,"column":46}},"15":{"start":{"line":12,"column":46},"end":{"line":null,"column":-1}},"16":{"start":{"line":12,"column":17},"end":{"line":null,"column":-1}},"17":{"start":{"line":12,"column":30},"end":{"line":null,"column":-1}},"18":{"start":{"line":13,"column":26},"end":{"line":13,"column":40}},"19":{"start":{"line":13,"column":40},"end":{"line":null,"column":-1}},"20":{"start":{"line":13,"column":13},"end":{"line":null,"column":-1}},"21":{"start":{"line":13,"column":22},"end":{"line":null,"column":-1}},"22":{"start":{"line":14,"column":28},"end":{"line":14,"column":40}},"23":{"start":{"line":14,"column":40},"end":{"line":null,"column":-1}},"24":{"start":{"line":14,"column":14},"end":{"line":null,"column":-1}},"25":{"start":{"line":14,"column":24},"end":{"line":null,"column":-1}},"26":{"start":{"line":15,"column":42},"end":{"line":15,"column":56}},"27":{"start":{"line":15,"column":56},"end":{"line":null,"column":-1}},"28":{"start":{"line":15,"column":21},"end":{"line":null,"column":-1}},"29":{"start":{"line":15,"column":38},"end":{"line":null,"column":-1}},"30":{"start":{"line":18,"column":2},"end":{"line":22,"column":8}},"31":{"start":{"line":19,"column":19},"end":{"line":19,"column":32}},"32":{"start":{"line":20,"column":4},"end":{"line":20,"column":41}},"33":{"start":{"line":20,"column":26},"end":{"line":20,"column":40}},"34":{"start":{"line":24,"column":2},"end":{"line":31,"column":8}},"35":{"start":{"line":25,"column":27},"end":{"line":25,"column":70}},"36":{"start":{"line":26,"column":4},"end":{"line":30,"column":4}},"37":{"start":{"line":27,"column":19},"end":{"line":27,"column":45}},"38":{"start":{"line":28,"column":6},"end":{"line":28,"column":19}},"39":{"start":{"line":29,"column":6},"end":{"line":29,"column":31}},"40":{"start":{"line":34,"column":18},"end":{"line":49,"column":3}},"41":{"start":{"line":36,"column":4},"end":{"line":45,"column":4}},"42":{"start":{"line":37,"column":23},"end":{"line":37,"column":49}},"43":{"start":{"line":38,"column":6},"end":{"line":38,"column":38}},"44":{"start":{"line":39,"column":6},"end":{"line":39,"column":51}},"45":{"start":{"line":40,"column":6},"end":{"line":40,"column":53}},"46":{"start":{"line":40,"column":24},"end":{"line":40,"column":45}},"47":{"start":{"line":42,"column":6},"end":{"line":42,"column":48}},"48":{"start":{"line":43,"column":6},"end":{"line":43,"column":57}},"49":{"start":{"line":44,"column":6},"end":{"line":44,"column":53}},"50":{"start":{"line":44,"column":24},"end":{"line":44,"column":45}},"51":{"start":{"line":47,"column":4},"end":{"line":47,"column":42}},"52":{"start":{"line":51,"column":28},"end":{"line":63,"column":3}},"53":{"start":{"line":52,"column":17},"end":{"line":52,"column":51}},"54":{"start":{"line":52,"column":36},"end":{"line":52,"column":50}},"55":{"start":{"line":53,"column":21},"end":{"line":53,"column":63}},"56":{"start":{"line":55,"column":4},"end":{"line":62,"column":8}},"57":{"start":{"line":58,"column":23},"end":{"line":58,"column":33}},"58":{"start":{"line":60,"column":8},"end":{"line":60,"column":65}},"59":{"start":{"line":61,"column":8},"end":{"line":61,"column":26}},"60":{"start":{"line":65,"column":22},"end":{"line":75,"column":3}},"61":{"start":{"line":66,"column":4},"end":{"line":74,"column":8}},"62":{"start":{"line":69,"column":8},"end":{"line":73,"column":8}},"63":{"start":{"line":71,"column":27},"end":{"line":71,"column":63}},"64":{"start":{"line":71,"column":48},"end":{"line":71,"column":62}},"65":{"start":{"line":72,"column":10},"end":{"line":72,"column":28}},"66":{"start":{"line":77,"column":22},"end":{"line":79,"column":3}},"67":{"start":{"line":78,"column":4},"end":{"line":78,"column":31}},"68":{"start":{"line":81,"column":22},"end":{"line":84,"column":3}},"69":{"start":{"line":82,"column":4},"end":{"line":82,"column":31}},"70":{"start":{"line":86,"column":22},"end":{"line":119,"column":3}},"71":{"start":{"line":87,"column":4},"end":{"line":87,"column":22}},"72":{"start":{"line":88,"column":4},"end":{"line":88,"column":74}},"73":{"start":{"line":91,"column":24},"end":{"line":94,"column":5}},"74":{"start":{"line":96,"column":4},"end":{"line":116,"column":4}},"75":{"start":{"line":97,"column":19},"end":{"line":97,"column":51}},"76":{"start":{"line":98,"column":6},"end":{"line":98,"column":19}},"77":{"start":{"line":100,"column":6},"end":{"line":100,"column":31}},"78":{"start":{"line":101,"column":6},"end":{"line":101,"column":21}},"79":{"start":{"line":102,"column":6},"end":{"line":102,"column":21}},"80":{"start":{"line":103,"column":6},"end":{"line":103,"column":73}},"81":{"start":{"line":104,"column":6},"end":{"line":106,"column":14}},"82":{"start":{"line":105,"column":8},"end":{"line":105,"column":29}},"83":{"start":{"line":108,"column":6},"end":{"line":108,"column":71}},"84":{"start":{"line":111,"column":6},"end":{"line":111,"column":28}},"85":{"start":{"line":112,"column":6},"end":{"line":112,"column":57}},"86":{"start":{"line":113,"column":6},"end":{"line":115,"column":14}},"87":{"start":{"line":114,"column":8},"end":{"line":114,"column":29}},"88":{"start":{"line":121,"column":23},"end":{"line":130,"column":3}},"89":{"start":{"line":123,"column":4},"end":{"line":123,"column":50}},"90":{"start":{"line":125,"column":4},"end":{"line":125,"column":37}},"91":{"start":{"line":126,"column":4},"end":{"line":129,"column":12}},"92":{"start":{"line":127,"column":6},"end":{"line":127,"column":27}},"93":{"start":{"line":128,"column":6},"end":{"line":128,"column":19}},"94":{"start":{"line":132,"column":22},"end":{"line":132,"column":30}},"95":{"start":{"line":135,"column":2},"end":{"line":174,"column":7}},"96":{"start":{"line":158,"column":12},"end":{"line":162,"column":58}},"97":{"start":{"line":161,"column":40},"end":{"line":161,"column":66}},"98":{"start":{"line":162,"column":35},"end":{"line":162,"column":56}},"99":{"start":{"line":181,"column":15},"end":{"line":181,"column":18}},"100":{"start":{"line":181,"column":18},"end":{"line":null,"column":-1}}},"fnMap":{"0":{"name":"_getRequireWildcardCache","decl":{"start":{"line":8,"column":50},"end":{"line":null,"column":-1}},"loc":{"start":{"line":8,"column":50},"end":{"line":null,"column":-1}}},"1":{"name":"(anonymous_3)","decl":{"start":{"line":10,"column":12},"end":{"line":10,"column":17}},"loc":{"start":{"line":10,"column":18},"end":{"line":179,"column":1}}},"2":{"name":"(anonymous_4)","decl":{"start":{"line":18,"column":12},"end":{"line":18,"column":17}},"loc":{"start":{"line":18,"column":18},"end":{"line":22,"column":3}}},"3":{"name":"(anonymous_5)","decl":{"start":{"line":20,"column":18},"end":{"line":20,"column":21}},"loc":{"start":{"line":20,"column":26},"end":{"line":20,"column":40}}},"4":{"name":"(anonymous_6)","decl":{"start":{"line":24,"column":12},"end":{"line":24,"column":17}},"loc":{"start":{"line":24,"column":18},"end":{"line":31,"column":3}}},"5":{"name":"(anonymous_7)","decl":{"start":{"line":34,"column":18},"end":{"line":34,"column":24}},"loc":{"start":{"line":34,"column":37},"end":{"line":49,"column":3}}},"6":{"name":"(anonymous_8)","decl":{"start":{"line":40,"column":17},"end":{"line":40,"column":22}},"loc":{"start":{"line":40,"column":23},"end":{"line":40,"column":46}}},"7":{"name":"(anonymous_9)","decl":{"start":{"line":44,"column":17},"end":{"line":44,"column":22}},"loc":{"start":{"line":44,"column":23},"end":{"line":44,"column":46}}},"8":{"name":"(anonymous_10)","decl":{"start":{"line":51,"column":28},"end":{"line":51,"column":29}},"loc":{"start":{"line":51,"column":35},"end":{"line":63,"column":3}}},"9":{"name":"(anonymous_11)","decl":{"start":{"line":52,"column":28},"end":{"line":52,"column":31}},"loc":{"start":{"line":52,"column":36},"end":{"line":52,"column":50}}},"10":{"name":"(anonymous_12)","decl":{"start":{"line":57,"column":12},"end":{"line":57,"column":19}},"loc":{"start":{"line":57,"column":24},"end":{"line":62,"column":7}}},"11":{"name":"(anonymous_13)","decl":{"start":{"line":65,"column":22},"end":{"line":65,"column":23}},"loc":{"start":{"line":65,"column":28},"end":{"line":75,"column":3}}},"12":{"name":"(anonymous_14)","decl":{"start":{"line":68,"column":12},"end":{"line":68,"column":19}},"loc":{"start":{"line":68,"column":24},"end":{"line":74,"column":7}}},"13":{"name":"(anonymous_15)","decl":{"start":{"line":71,"column":40},"end":{"line":71,"column":43}},"loc":{"start":{"line":71,"column":48},"end":{"line":71,"column":62}}},"14":{"name":"(anonymous_16)","decl":{"start":{"line":77,"column":22},"end":{"line":77,"column":23}},"loc":{"start":{"line":77,"column":27},"end":{"line":79,"column":3}}},"15":{"name":"(anonymous_17)","decl":{"start":{"line":81,"column":22},"end":{"line":81,"column":23}},"loc":{"start":{"line":81,"column":27},"end":{"line":84,"column":3}}},"16":{"name":"(anonymous_18)","decl":{"start":{"line":86,"column":22},"end":{"line":86,"column":28}},"loc":{"start":{"line":86,"column":35},"end":{"line":119,"column":3}}},"17":{"name":"(anonymous_19)","decl":{"start":{"line":104,"column":17},"end":{"line":104,"column":22}},"loc":{"start":{"line":104,"column":23},"end":{"line":106,"column":7}}},"18":{"name":"(anonymous_20)","decl":{"start":{"line":113,"column":17},"end":{"line":113,"column":22}},"loc":{"start":{"line":113,"column":23},"end":{"line":115,"column":7}}},"19":{"name":"(anonymous_21)","decl":{"start":{"line":121,"column":23},"end":{"line":121,"column":28}},"loc":{"start":{"line":121,"column":29},"end":{"line":130,"column":3}}},"20":{"name":"(anonymous_22)","decl":{"start":{"line":126,"column":15},"end":{"line":126,"column":20}},"loc":{"start":{"line":126,"column":21},"end":{"line":129,"column":5}}},"21":{"name":"(anonymous_23)","decl":{"start":{"line":157,"column":20},"end":{"line":157,"column":23}},"loc":{"start":{"line":157,"column":28},"end":{"line":163,"column":11}}},"22":{"name":"(anonymous_24)","decl":{"start":{"line":161,"column":34},"end":{"line":161,"column":39}},"loc":{"start":{"line":161,"column":40},"end":{"line":161,"column":66}}},"23":{"name":"(anonymous_25)","decl":{"start":{"line":162,"column":29},"end":{"line":162,"column":34}},"loc":{"start":{"line":162,"column":35},"end":{"line":162,"column":56}}}},"branchMap":{"0":{"loc":{"start":{"line":8,"column":50},"end":{"line":null,"column":-1}},"type":"if","locations":[{"start":{"line":8,"column":50},"end":{"line":null,"column":-1}},{"start":{"line":8,"column":50},"end":{"line":null,"column":-1}}]},"1":{"loc":{"start":{"line":8,"column":50},"end":{"line":null,"column":-1}},"type":"binary-expr","locations":[{"start":{"line":8,"column":50},"end":{"line":null,"column":-1}},{"start":{"line":8,"column":50},"end":{"line":null,"column":-1}},{"start":{"line":8,"column":50},"end":{"line":null,"column":-1}}]},"2":{"loc":{"start":{"line":26,"column":4},"end":{"line":30,"column":4}},"type":"if","locations":[{"start":{"line":26,"column":4},"end":{"line":30,"column":4}},{"start":{"line":26,"column":4},"end":{"line":30,"column":4}}]},"3":{"loc":{"start":{"line":69,"column":8},"end":{"line":73,"column":8}},"type":"if","locations":[{"start":{"line":69,"column":8},"end":{"line":73,"column":8}},{"start":{"line":69,"column":8},"end":{"line":73,"column":8}}]},"4":{"loc":{"start":{"line":142,"column":6},"end":{"line":152,"column":9}},"type":"cond-expr","locations":[{"start":{"line":142,"column":6},"end":{"line":152,"column":9}},{"start":{"line":154,"column":6},"end":{"line":173,"column":5}}]}},"s":{"0":0,"1":0,"2":0,"3":0,"4":0,"5":0,"6":0,"7":0,"8":0,"9":0,"10":0,"11":0,"12":0,"13":0,"14":0,"15":0,"16":0,"17":0,"18":0,"19":0,"20":0,"21":0,"22":0,"23":0,"24":0,"25":0,"26":0,"27":0,"28":0,"29":0,"30":0,"31":0,"32":0,"33":0,"34":0,"35":0,"36":0,"37":0,"38":0,"39":0,"40":0,"41":0,"42":0,"43":0,"44":0,"45":0,"46":0,"47":0,"48":0,"49":0,"50":0,"51":0,"52":0,"53":0,"54":0,"55":0,"56":0,"57":0,"58":0,"59":0,"60":0,"61":0,"62":0,"63":0,"64":0,"65":0,"66":0,"67":0,"68":0,"69":0,"70":0,"71":0,"72":0,"73":0,"74":0,"75":0,"76":0,"77":0,"78":0,"79":0,"80":0,"81":0,"82":0,"83":0,"84":0,"85":0,"86":0,"87":0,"88":0,"89":0,"90":0,"91":0,"92":0,"93":0,"94":0,"95":0,"96":0,"97":0,"98":0,"99":0,"100":0},"f":{"0":0,"1":0,"2":0,"3":0,"4":0,"5":0,"6":0,"7":0,"8":0,"9":0,"10":0,"11":0,"12":0,"13":0,"14":0,"15":0,"16":0,"17":0,"18":0,"19":0,"20":0,"21":0,"22":0,"23":0},"b":{"0":[0,0],"1":[0,0,0],"2":[0,0],"3":[0,0],"4":[0,0]}}
,"C:\\Users\\52557\\Documents\\react-apps\\note-app\\src\\commServer.js": {"path":"C:\\Users\\52557\\Documents\\react-apps\\note-app\\src\\commServer.js","statementMap":{"0":{"start":{"line":1,"column":0},"end":{"line":null,"column":-1}},"1":{"start":{"line":3,"column":16},"end":{"line":3,"column":47}},"2":{"start":{"line":5,"column":20},"end":{"line":10,"column":1}},"3":{"start":{"line":6,"column":18},"end":{"line":6,"column":48}},"4":{"start":{"line":7,"column":4},"end":{"line":9,"column":42}},"5":{"start":{"line":8,"column":22},"end":{"line":8,"column":35}},"6":{"start":{"line":9,"column":18},"end":{"line":9,"column":41}},"7":{"start":{"line":12,"column":21},"end":{"line":20,"column":1}},"8":{"start":{"line":13,"column":18},"end":{"line":13,"column":50}},"9":{"start":{"line":14,"column":4},"end":{"line":18,"column":46}},"10":{"start":{"line":16,"column":8},"end":{"line":16,"column":30}},"11":{"start":{"line":18,"column":20},"end":{"line":18,"column":45}},"12":{"start":{"line":22,"column":15},"end":{"line":27,"column":1}},"13":{"start":{"line":23,"column":18},"end":{"line":23,"column":58}},"14":{"start":{"line":24,"column":4},"end":{"line":25,"column":36}},"15":{"start":{"line":25,"column":22},"end":{"line":25,"column":35}},"16":{"start":{"line":28,"column":15},"end":{"line":28,"column":50}},"17":{"start":{"line":28,"column":50},"end":{"line":null,"column":-1}}},"fnMap":{"0":{"name":"(anonymous_0)","decl":{"start":{"line":5,"column":20},"end":{"line":5,"column":28}},"loc":{"start":{"line":5,"column":33},"end":{"line":10,"column":1}}},"1":{"name":"(anonymous_1)","decl":{"start":{"line":8,"column":10},"end":{"line":8,"column":17}},"loc":{"start":{"line":8,"column":22},"end":{"line":8,"column":35}}},"2":{"name":"(anonymous_2)","decl":{"start":{"line":9,"column":11},"end":{"line":9,"column":13}},"loc":{"start":{"line":9,"column":18},"end":{"line":9,"column":41}}},"3":{"name":"(anonymous_3)","decl":{"start":{"line":12,"column":21},"end":{"line":12,"column":22}},"loc":{"start":{"line":12,"column":27},"end":{"line":20,"column":1}}},"4":{"name":"(anonymous_4)","decl":{"start":{"line":15,"column":10},"end":{"line":15,"column":17}},"loc":{"start":{"line":15,"column":22},"end":{"line":17,"column":5}}},"5":{"name":"(anonymous_5)","decl":{"start":{"line":18,"column":11},"end":{"line":18,"column":15}},"loc":{"start":{"line":18,"column":20},"end":{"line":18,"column":45}}},"6":{"name":"(anonymous_6)","decl":{"start":{"line":22,"column":15},"end":{"line":22,"column":16}},"loc":{"start":{"line":22,"column":34},"end":{"line":27,"column":1}}},"7":{"name":"(anonymous_7)","decl":{"start":{"line":25,"column":10},"end":{"line":25,"column":17}},"loc":{"start":{"line":25,"column":22},"end":{"line":25,"column":35}}}},"branchMap":{},"s":{"0":0,"1":0,"2":0,"3":0,"4":0,"5":0,"6":0,"7":0,"8":0,"9":0,"10":0,"11":0,"12":0,"13":0,"14":0,"15":0,"16":0,"17":0},"f":{"0":0,"1":0,"2":0,"3":0,"4":0,"5":0,"6":0,"7":0},"b":{}}
,"C:\\Users\\52557\\Documents\\react-apps\\note-app\\src\\index.js": {"path":"C:\\Users\\52557\\Documents\\react-apps\\note-app\\src\\index.js","statementMap":{"0":{"start":{"line":1,"column":0},"end":{"line":null,"column":-1}},"1":{"start":{"line":2,"column":0},"end":{"line":null,"column":-1}},"2":{"start":{"line":3,"column":0},"end":{"line":null,"column":-1}},"3":{"start":{"line":4,"column":0},"end":{"line":null,"column":-1}},"4":{"start":{"line":5,"column":0},"end":{"line":null,"column":-1}},"5":{"start":{"line":6,"column":0},"end":{"line":null,"column":-1}},"6":{"start":{"line":6,"column":48},"end":{"line":null,"column":-1}},"7":{"start":{"line":8,"column":13},"end":{"line":8,"column":65}},"8":{"start":{"line":9,"column":0},"end":{"line":13,"column":1}},"9":{"start":{"line":18,"column":0},"end":{"line":18,"column":17}}},"fnMap":{},"branchMap":{},"s":{"0":0,"1":0,"2":0,"3":0,"4":0,"5":0,"6":0,"7":0,"8":0,"9":0},"f":{},"b":{}}
,"C:\\Users\\52557\\Documents\\react-apps\\note-app\\src\\reportWebVitals.js": {"path":"C:\\Users\\52557\\Documents\\react-apps\\note-app\\src\\reportWebVitals.js","statementMap":{"0":{"start":{"line":1,"column":24},"end":{"line":11,"column":1}},"1":{"start":{"line":2,"column":2},"end":{"line":10,"column":2}},"2":{"start":{"line":3,"column":4},"end":{"line":9,"column":6}},"3":{"start":{"line":3,"column":4},"end":{"line":3,"column":23}},"4":{"start":{"line":4,"column":6},"end":{"line":4,"column":25}},"5":{"start":{"line":5,"column":6},"end":{"line":5,"column":25}},"6":{"start":{"line":6,"column":6},"end":{"line":6,"column":25}},"7":{"start":{"line":7,"column":6},"end":{"line":7,"column":25}},"8":{"start":{"line":8,"column":6},"end":{"line":8,"column":26}},"9":{"start":{"line":13,"column":15},"end":{"line":13,"column":30}},"10":{"start":{"line":13,"column":30},"end":{"line":null,"column":-1}}},"fnMap":{"0":{"name":"(anonymous_3)","decl":{"start":{"line":1,"column":24},"end":{"line":1,"column":34}},"loc":{"start":{"line":1,"column":39},"end":{"line":11,"column":1}}},"1":{"name":"(anonymous_4)","decl":{"start":{"line":3,"column":4},"end":{"line":3,"column":10}},"loc":{"start":{"line":3,"column":4},"end":{"line":3,"column":23}}},"2":{"name":"(anonymous_5)","decl":{"start":{"line":3,"column":30},"end":{"line":3,"column":31}},"loc":{"start":{"line":3,"column":79},"end":{"line":9,"column":5}}}},"branchMap":{"0":{"loc":{"start":{"line":2,"column":2},"end":{"line":10,"column":2}},"type":"if","locations":[{"start":{"line":2,"column":2},"end":{"line":10,"column":2}},{"start":{"line":2,"column":2},"end":{"line":10,"column":2}}]},"1":{"loc":{"start":{"line":2,"column":6},"end":{"line":2,"column":17}},"type":"binary-expr","locations":[{"start":{"line":2,"column":6},"end":{"line":2,"column":17}},{"start":{"line":2,"column":21},"end":{"line":2,"column":52}}]}},"s":{"0":0,"1":0,"2":0,"3":0,"4":0,"5":0,"6":0,"7":0,"8":0,"9":0,"10":0},"f":{"0":0,"1":0,"2":0},"b":{"0":[0,0],"1":[0,0]}}
,"C:\\Users\\52557\\Documents\\react-apps\\note-app\\src\\setupTests.js": {"path":"C:\\Users\\52557\\Documents\\react-apps\\note-app\\src\\setupTests.js","statementMap":{},"fnMap":{},"branchMap":{},"s":{},"f":{},"b":{},"_coverageSchema":"332fd63041d2c1bcb487cc26dd0d5f7d97098a6c","hash":"a3bf9cb745987d0517338dde98d16b3c41f12903"}
,"C:\\Users\\52557\\Documents\\react-apps\\note-app\\src\\components\\Button.jsx": {"path":"C:\\Users\\52557\\Documents\\react-apps\\note-app\\src\\components\\Button.jsx","statementMap":{"0":{"start":{"line":1,"column":0},"end":{"line":null,"column":-1}},"1":{"start":{"line":1,"column":26},"end":{"line":null,"column":-1}},"2":{"start":{"line":3,"column":14},"end":{"line":8,"column":1}},"3":{"start":{"line":4,"column":32},"end":{"line":4,"column":19}},"4":{"start":{"line":4,"column":32},"end":{"line":4,"column":28}},"5":{"start":{"line":5,"column":3},"end":{"line":6,"column":51}},"6":{"start":{"line":10,"column":15},"end":{"line":10,"column":21}},"7":{"start":{"line":10,"column":21},"end":{"line":null,"column":-1}}},"fnMap":{"0":{"name":"(anonymous_0)","decl":{"start":{"line":3,"column":14},"end":{"line":3,"column":18}},"loc":{"start":{"line":3,"column":23},"end":{"line":8,"column":1}}}},"branchMap":{},"s":{"0":0,"1":0,"2":0,"3":0,"4":0,"5":0,"6":0,"7":0},"f":{"0":0},"b":{}}
,"C:\\Users\\52557\\Documents\\react-apps\\note-app\\src\\components\\Content.jsx": {"path":"C:\\Users\\52557\\Documents\\react-apps\\note-app\\src\\components\\Content.jsx","statementMap":{"0":{"start":{"line":1,"column":0},"end":{"line":null,"column":-1}},"1":{"start":{"line":1,"column":26},"end":{"line":null,"column":-1}},"2":{"start":{"line":3,"column":16},"end":{"line":9,"column":1}},"3":{"start":{"line":5,"column":4},"end":{"line":6,"column":52}},"4":{"start":{"line":11,"column":15},"end":{"line":11,"column":22}},"5":{"start":{"line":11,"column":22},"end":{"line":null,"column":-1}}},"fnMap":{"0":{"name":"(anonymous_0)","decl":{"start":{"line":3,"column":16},"end":{"line":3,"column":20}},"loc":{"start":{"line":3,"column":25},"end":{"line":9,"column":1}}}},"branchMap":{},"s":{"0":0,"1":0,"2":0,"3":0,"4":0,"5":0},"f":{"0":0},"b":{}}
,"C:\\Users\\52557\\Documents\\react-apps\\note-app\\src\\components\\Course.jsx": {"path":"C:\\Users\\52557\\Documents\\react-apps\\note-app\\src\\components\\Course.jsx","statementMap":{"0":{"start":{"line":1,"column":0},"end":{"line":null,"column":-1}},"1":{"start":{"line":2,"column":0},"end":{"line":null,"column":-1}},"2":{"start":{"line":3,"column":0},"end":{"line":null,"column":-1}},"3":{"start":{"line":4,"column":0},"end":{"line":null,"column":-1}},"4":{"start":{"line":4,"column":32},"end":{"line":null,"column":-1}},"5":{"start":{"line":8,"column":15},"end":{"line":27,"column":1}},"6":{"start":{"line":9,"column":4},"end":{"line":9,"column":23}},"7":{"start":{"line":10,"column":4},"end":{"line":25,"column":10}},"8":{"start":{"line":17,"column":15},"end":{"line":17,"column":102}},"9":{"start":{"line":22,"column":48},"end":{"line":22,"column":62}},"10":{"start":{"line":23,"column":11},"end":{"line":23,"column":31}},"11":{"start":{"line":29,"column":15},"end":{"line":29,"column":21}},"12":{"start":{"line":29,"column":21},"end":{"line":null,"column":-1}}},"fnMap":{"0":{"name":"(anonymous_0)","decl":{"start":{"line":8,"column":15},"end":{"line":8,"column":16}},"loc":{"start":{"line":8,"column":29},"end":{"line":27,"column":1}}},"1":{"name":"(anonymous_1)","decl":{"start":{"line":16,"column":29},"end":{"line":16,"column":32}},"loc":{"start":{"line":16,"column":37},"end":{"line":18,"column":13}}},"2":{"name":"(anonymous_2)","decl":{"start":{"line":22,"column":40},"end":{"line":22,"column":43}},"loc":{"start":{"line":22,"column":48},"end":{"line":22,"column":62}}},"3":{"name":"(anonymous_3)","decl":{"start":{"line":22,"column":71},"end":{"line":22,"column":72}},"loc":{"start":{"line":22,"column":89},"end":{"line":24,"column":8}}}},"branchMap":{},"s":{"0":0,"1":0,"2":0,"3":0,"4":0,"5":0,"6":0,"7":0,"8":0,"9":0,"10":0,"11":0,"12":0},"f":{"0":0,"1":0,"2":0,"3":0},"b":{}}
,"C:\\Users\\52557\\Documents\\react-apps\\note-app\\src\\components\\Display.jsx": {"path":"C:\\Users\\52557\\Documents\\react-apps\\note-app\\src\\components\\Display.jsx","statementMap":{"0":{"start":{"line":1,"column":0},"end":{"line":null,"column":-1}},"1":{"start":{"line":1,"column":26},"end":{"line":null,"column":-1}},"2":{"start":{"line":3,"column":24},"end":{"line":19,"column":1}},"3":{"start":{"line":4,"column":33},"end":{"line":4,"column":15}},"4":{"start":{"line":4,"column":33},"end":{"line":4,"column":20}},"5":{"start":{"line":4,"column":33},"end":{"line":4,"column":29}},"6":{"start":{"line":5,"column":5},"end":{"line":9,"column":4}},"7":{"start":{"line":6,"column":6},"end":{"line":7,"column":34}},"8":{"start":{"line":10,"column":4},"end":{"line":17,"column":11}},"9":{"start":{"line":21,"column":15},"end":{"line":21,"column":30}},"10":{"start":{"line":21,"column":30},"end":{"line":null,"column":-1}}},"fnMap":{"0":{"name":"(anonymous_0)","decl":{"start":{"line":3,"column":24},"end":{"line":3,"column":28}},"loc":{"start":{"line":3,"column":33},"end":{"line":19,"column":1}}}},"branchMap":{"0":{"loc":{"start":{"line":5,"column":5},"end":{"line":9,"column":4}},"type":"if","locations":[{"start":{"line":5,"column":5},"end":{"line":9,"column":4}},{"start":{"line":5,"column":5},"end":{"line":9,"column":4}}]},"1":{"loc":{"start":{"line":5,"column":8},"end":{"line":5,"column":17}},"type":"binary-expr","locations":[{"start":{"line":5,"column":8},"end":{"line":5,"column":17}},{"start":{"line":5,"column":21},"end":{"line":5,"column":29}},{"start":{"line":5,"column":33},"end":{"line":5,"column":45}}]}},"s":{"0":0,"1":0,"2":0,"3":0,"4":0,"5":0,"6":0,"7":0,"8":0,"9":0,"10":0},"f":{"0":0},"b":{"0":[0,0],"1":[0,0,0]}}
,"C:\\Users\\52557\\Documents\\react-apps\\note-app\\src\\components\\DisplayAnecdote.jsx": {"path":"C:\\Users\\52557\\Documents\\react-apps\\note-app\\src\\components\\DisplayAnecdote.jsx","statementMap":{"0":{"start":{"line":1,"column":0},"end":{"line":null,"column":-1}},"1":{"start":{"line":1,"column":26},"end":{"line":null,"column":-1}},"2":{"start":{"line":3,"column":24},"end":{"line":11,"column":1}},"3":{"start":{"line":4,"column":22},"end":{"line":4,"column":18}},"4":{"start":{"line":5,"column":4},"end":{"line":9,"column":9}},"5":{"start":{"line":13,"column":15},"end":{"line":13,"column":30}},"6":{"start":{"line":13,"column":30},"end":{"line":null,"column":-1}}},"fnMap":{"0":{"name":"(anonymous_0)","decl":{"start":{"line":3,"column":24},"end":{"line":3,"column":28}},"loc":{"start":{"line":3,"column":33},"end":{"line":11,"column":1}}}},"branchMap":{},"s":{"0":0,"1":0,"2":0,"3":0,"4":0,"5":0,"6":0},"f":{"0":0},"b":{}}
,"C:\\Users\\52557\\Documents\\react-apps\\note-app\\src\\components\\DisplayCountry.jsx": {"path":"C:\\Users\\52557\\Documents\\react-apps\\note-app\\src\\components\\DisplayCountry.jsx","statementMap":{"0":{"start":{"line":1,"column":0},"end":{"line":null,"column":-1}},"1":{"start":{"line":1,"column":26},"end":{"line":null,"column":-1}},"2":{"start":{"line":3,"column":23},"end":{"line":88,"column":1}},"3":{"start":{"line":6,"column":4},"end":{"line":85,"column":4}},"4":{"start":{"line":7,"column":8},"end":{"line":8,"column":69}},"5":{"start":{"line":12,"column":9},"end":{"line":85,"column":4}},"6":{"start":{"line":15,"column":8},"end":{"line":34,"column":15}},"7":{"start":{"line":20,"column":36},"end":{"line":20,"column":38}},"8":{"start":{"line":21,"column":20},"end":{"line":21,"column":57}},"9":{"start":{"line":22,"column":20},"end":{"line":28,"column":27}},"10":{"start":{"line":36,"column":11},"end":{"line":85,"column":4}},"11":{"start":{"line":37,"column":8},"end":{"line":83,"column":15}},"12":{"start":{"line":40,"column":32},"end":{"line":40,"column":64}},"13":{"start":{"line":41,"column":16},"end":{"line":60,"column":23}},"14":{"start":{"line":51,"column":57},"end":{"line":51,"column":86}},"15":{"start":{"line":70,"column":20},"end":{"line":76,"column":27}},"16":{"start":{"line":90,"column":15},"end":{"line":90,"column":29}},"17":{"start":{"line":90,"column":29},"end":{"line":null,"column":-1}}},"fnMap":{"0":{"name":"(anonymous_0)","decl":{"start":{"line":3,"column":23},"end":{"line":3,"column":24}},"loc":{"start":{"line":3,"column":59},"end":{"line":88,"column":1}}},"1":{"name":"(anonymous_1)","decl":{"start":{"line":19,"column":35},"end":{"line":19,"column":36}},"loc":{"start":{"line":19,"column":50},"end":{"line":31,"column":18}}},"2":{"name":"(anonymous_2)","decl":{"start":{"line":39,"column":30},"end":{"line":39,"column":36}},"loc":{"start":{"line":39,"column":41},"end":{"line":62,"column":14}}},"3":{"name":"(anonymous_3)","decl":{"start":{"line":51,"column":40},"end":{"line":51,"column":41}},"loc":{"start":{"line":51,"column":57},"end":{"line":51,"column":86}}},"4":{"name":"(anonymous_4)","decl":{"start":{"line":69,"column":35},"end":{"line":69,"column":41}},"loc":{"start":{"line":69,"column":46},"end":{"line":79,"column":17}}}},"branchMap":{"0":{"loc":{"start":{"line":6,"column":4},"end":{"line":85,"column":4}},"type":"if","locations":[{"start":{"line":6,"column":4},"end":{"line":85,"column":4}},{"start":{"line":6,"column":4},"end":{"line":85,"column":4}}]},"1":{"loc":{"start":{"line":12,"column":9},"end":{"line":85,"column":4}},"type":"if","locations":[{"start":{"line":12,"column":9},"end":{"line":85,"column":4}},{"start":{"line":12,"column":9},"end":{"line":85,"column":4}}]},"2":{"loc":{"start":{"line":12,"column":12},"end":{"line":12,"column":33}},"type":"binary-expr","locations":[{"start":{"line":12,"column":12},"end":{"line":12,"column":33}},{"start":{"line":12,"column":37},"end":{"line":12,"column":59}}]},"3":{"loc":{"start":{"line":36,"column":11},"end":{"line":85,"column":4}},"type":"if","locations":[{"start":{"line":36,"column":11},"end":{"line":85,"column":4}},{"start":{"line":36,"column":11},"end":{"line":85,"column":4}}]}},"s":{"0":0,"1":0,"2":0,"3":0,"4":0,"5":0,"6":0,"7":0,"8":0,"9":0,"10":0,"11":0,"12":0,"13":0,"14":0,"15":0,"16":0,"17":0},"f":{"0":0,"1":0,"2":0,"3":0,"4":0},"b":{"0":[0,0],"1":[0,0],"2":[0,0],"3":[0,0]}}
,"C:\\Users\\52557\\Documents\\react-apps\\note-app\\src\\components\\DisplayVote.jsx": {"path":"C:\\Users\\52557\\Documents\\react-apps\\note-app\\src\\components\\DisplayVote.jsx","statementMap":{"0":{"start":{"line":1,"column":0},"end":{"line":null,"column":-1}},"1":{"start":{"line":1,"column":26},"end":{"line":null,"column":-1}},"2":{"start":{"line":3,"column":20},"end":{"line":8,"column":1}},"3":{"start":{"line":4,"column":22},"end":{"line":4,"column":18}},"4":{"start":{"line":5,"column":4},"end":{"line":6,"column":31}},"5":{"start":{"line":10,"column":15},"end":{"line":10,"column":26}},"6":{"start":{"line":10,"column":26},"end":{"line":null,"column":-1}}},"fnMap":{"0":{"name":"(anonymous_0)","decl":{"start":{"line":3,"column":20},"end":{"line":3,"column":24}},"loc":{"start":{"line":3,"column":29},"end":{"line":8,"column":1}}}},"branchMap":{},"s":{"0":0,"1":0,"2":0,"3":0,"4":0,"5":0,"6":0},"f":{"0":0},"b":{}}
,"C:\\Users\\52557\\Documents\\react-apps\\note-app\\src\\components\\Header.jsx": {"path":"C:\\Users\\52557\\Documents\\react-apps\\note-app\\src\\components\\Header.jsx","statementMap":{"0":{"start":{"line":1,"column":0},"end":{"line":null,"column":-1}},"1":{"start":{"line":1,"column":26},"end":{"line":null,"column":-1}},"2":{"start":{"line":3,"column":15},"end":{"line":7,"column":1}},"3":{"start":{"line":4,"column":3},"end":{"line":5,"column":29}},"4":{"start":{"line":9,"column":15},"end":{"line":9,"column":21}},"5":{"start":{"line":9,"column":21},"end":{"line":null,"column":-1}}},"fnMap":{"0":{"name":"(anonymous_0)","decl":{"start":{"line":3,"column":15},"end":{"line":3,"column":19}},"loc":{"start":{"line":3,"column":24},"end":{"line":7,"column":1}}}},"branchMap":{},"s":{"0":0,"1":0,"2":0,"3":0,"4":0,"5":0},"f":{"0":0},"b":{}}
,"C:\\Users\\52557\\Documents\\react-apps\\note-app\\src\\components\\LoginForm.jsx": {"path":"C:\\Users\\52557\\Documents\\react-apps\\note-app\\src\\components\\LoginForm.jsx","statementMap":{"0":{"start":{"line":1,"column":0},"end":{"line":null,"column":-1}},"1":{"start":{"line":2,"column":0},"end":{"line":null,"column":-1}},"2":{"start":{"line":2,"column":34},"end":{"line":null,"column":-1}},"3":{"start":{"line":4,"column":18},"end":{"line":38,"column":1}},"4":{"start":{"line":11,"column":2},"end":{"line":35,"column":11}},"5":{"start":{"line":40,"column":0},"end":{"line":46,"column":1}},"6":{"start":{"line":49,"column":15},"end":{"line":49,"column":24}},"7":{"start":{"line":49,"column":24},"end":{"line":null,"column":-1}}},"fnMap":{"0":{"name":"(anonymous_0)","decl":{"start":{"line":4,"column":18},"end":{"line":4,"column":19}},"loc":{"start":{"line":10,"column":6},"end":{"line":38,"column":1}}}},"branchMap":{},"s":{"0":0,"1":0,"2":0,"3":0,"4":0,"5":0,"6":0,"7":0},"f":{"0":0},"b":{}}
,"C:\\Users\\52557\\Documents\\react-apps\\note-app\\src\\components\\Note.jsx": {"path":"C:\\Users\\52557\\Documents\\react-apps\\note-app\\src\\components\\Note.jsx","statementMap":{"0":{"start":{"line":3,"column":13},"end":{"line":17,"column":1}},"1":{"start":{"line":5,"column":16},"end":{"line":5,"column":72}},"2":{"start":{"line":7,"column":2},"end":{"line":16,"column":3}}},"fnMap":{"0":{"name":"(anonymous_0)","decl":{"start":{"line":3,"column":13},"end":{"line":3,"column":14}},"loc":{"start":{"line":3,"column":58},"end":{"line":17,"column":1}},"line":3}},"branchMap":{"0":{"loc":{"start":{"line":5,"column":16},"end":{"line":5,"column":72}},"type":"cond-expr","locations":[{"start":{"line":5,"column":33},"end":{"line":5,"column":53}},{"start":{"line":5,"column":56},"end":{"line":5,"column":72}}],"line":5}},"s":{"0":1,"1":1,"2":1},"f":{"0":1},"b":{"0":[1,0]},"_coverageSchema":"332fd63041d2c1bcb487cc26dd0d5f7d97098a6c","hash":"363485762361d46e230415294e0cfc7c8c167013"}
,"C:\\Users\\52557\\Documents\\react-apps\\note-app\\src\\components\\NoteForm.jsx": {"path":"C:\\Users\\52557\\Documents\\react-apps\\note-app\\src\\components\\NoteForm.jsx","statementMap":{"0":{"start":{"line":3,"column":17},"end":{"line":34,"column":1}},"1":{"start":{"line":5,"column":33},"end":{"line":5,"column":45}},"2":{"start":{"line":7,"column":19},"end":{"line":7,"column":50}},"3":{"start":{"line":7,"column":24},"end":{"line":7,"column":50}},"4":{"start":{"line":9,"column":19},"end":{"line":16,"column":4}},"5":{"start":{"line":10,"column":4},"end":{"line":10,"column":22}},"6":{"start":{"line":11,"column":20},"end":{"line":14,"column":6}},"7":{"start":{"line":15,"column":4},"end":{"line":15,"column":25}},"8":{"start":{"line":19,"column":3},"end":{"line":33,"column":4}}},"fnMap":{"0":{"name":"(anonymous_0)","decl":{"start":{"line":3,"column":17},"end":{"line":3,"column":18}},"loc":{"start":{"line":3,"column":35},"end":{"line":34,"column":1}},"line":3},"1":{"name":"(anonymous_1)","decl":{"start":{"line":7,"column":19},"end":{"line":7,"column":20}},"loc":{"start":{"line":7,"column":24},"end":{"line":7,"column":50}},"line":7},"2":{"name":"(anonymous_2)","decl":{"start":{"line":9,"column":19},"end":{"line":9,"column":20}},"loc":{"start":{"line":9,"column":24},"end":{"line":16,"column":4}},"line":9}},"branchMap":{"0":{"loc":{"start":{"line":13,"column":19},"end":{"line":13,"column":53}},"type":"cond-expr","locations":[{"start":{"line":13,"column":41},"end":{"line":13,"column":45}},{"start":{"line":13,"column":48},"end":{"line":13,"column":53}}],"line":13}},"s":{"0":1,"1":18,"2":18,"3":17,"4":18,"5":1,"6":1,"7":1,"8":18},"f":{"0":18,"1":17,"2":1},"b":{"0":[0,1]},"_coverageSchema":"332fd63041d2c1bcb487cc26dd0d5f7d97098a6c","hash":"5d6889867174a247b2b0cbc1abee3632619ea724"}
,"C:\\Users\\52557\\Documents\\react-apps\\note-app\\src\\components\\Notification.jsx": {"path":"C:\\Users\\52557\\Documents\\react-apps\\note-app\\src\\components\\Notification.jsx","statementMap":{"0":{"start":{"line":1,"column":0},"end":{"line":null,"column":-1}},"1":{"start":{"line":1,"column":25},"end":{"line":null,"column":-1}},"2":{"start":{"line":3,"column":21},"end":{"line":9,"column":1}},"3":{"start":{"line":4,"column":2},"end":{"line":7,"column":10}},"4":{"start":{"line":11,"column":15},"end":{"line":11,"column":27}},"5":{"start":{"line":11,"column":27},"end":{"line":null,"column":-1}}},"fnMap":{"0":{"name":"(anonymous_0)","decl":{"start":{"line":3,"column":21},"end":{"line":3,"column":22}},"loc":{"start":{"line":3,"column":36},"end":{"line":9,"column":1}}}},"branchMap":{},"s":{"0":0,"1":0,"2":0,"3":0,"4":0,"5":0},"f":{"0":0},"b":{}}
,"C:\\Users\\52557\\Documents\\react-apps\\note-app\\src\\components\\PhoneBook.jsx": {"path":"C:\\Users\\52557\\Documents\\react-apps\\note-app\\src\\components\\PhoneBook.jsx","statementMap":{"0":{"start":{"line":1,"column":0},"end":{"line":null,"column":-1}},"1":{"start":{"line":1,"column":26},"end":{"line":null,"column":-1}},"2":{"start":{"line":3,"column":18},"end":{"line":54,"column":1}},"3":{"start":{"line":5,"column":4},"end":{"line":52,"column":12}},"4":{"start":{"line":41,"column":12},"end":{"line":41,"column":57}},"5":{"start":{"line":48,"column":32},"end":{"line":48,"column":76}},"6":{"start":{"line":56,"column":15},"end":{"line":56,"column":24}},"7":{"start":{"line":56,"column":24},"end":{"line":null,"column":-1}}},"fnMap":{"0":{"name":"(anonymous_0)","decl":{"start":{"line":3,"column":18},"end":{"line":3,"column":19}},"loc":{"start":{"line":3,"column":149},"end":{"line":54,"column":1}}},"1":{"name":"(anonymous_1)","decl":{"start":{"line":40,"column":22},"end":{"line":40,"column":25}},"loc":{"start":{"line":40,"column":30},"end":{"line":42,"column":10}}},"2":{"name":"(anonymous_2)","decl":{"start":{"line":48,"column":22},"end":{"line":48,"column":27}},"loc":{"start":{"line":48,"column":32},"end":{"line":48,"column":76}}}},"branchMap":{},"s":{"0":0,"1":0,"2":0,"3":0,"4":0,"5":0,"6":0,"7":0},"f":{"0":0,"1":0,"2":0},"b":{}}
,"C:\\Users\\52557\\Documents\\react-apps\\note-app\\src\\components\\SearchFilter.jsx": {"path":"C:\\Users\\52557\\Documents\\react-apps\\note-app\\src\\components\\SearchFilter.jsx","statementMap":{"0":{"start":{"line":1,"column":0},"end":{"line":null,"column":-1}},"1":{"start":{"line":1,"column":26},"end":{"line":null,"column":-1}},"2":{"start":{"line":3,"column":21},"end":{"line":12,"column":1}},"3":{"start":{"line":4,"column":4},"end":{"line":10,"column":11}},"4":{"start":{"line":14,"column":15},"end":{"line":14,"column":27}},"5":{"start":{"line":14,"column":27},"end":{"line":null,"column":-1}}},"fnMap":{"0":{"name":"(anonymous_0)","decl":{"start":{"line":3,"column":21},"end":{"line":3,"column":22}},"loc":{"start":{"line":3,"column":51},"end":{"line":12,"column":1}}}},"branchMap":{},"s":{"0":0,"1":0,"2":0,"3":0,"4":0,"5":0},"f":{"0":0},"b":{}}
,"C:\\Users\\52557\\Documents\\react-apps\\note-app\\src\\components\\ShowCountryInfo.jsx": {"path":"C:\\Users\\52557\\Documents\\react-apps\\note-app\\src\\components\\ShowCountryInfo.jsx","statementMap":{"0":{"start":{"line":1,"column":0},"end":{"line":null,"column":-1}},"1":{"start":{"line":1,"column":26},"end":{"line":null,"column":-1}},"2":{"start":{"line":3,"column":24},"end":{"line":30,"column":1}},"3":{"start":{"line":5,"column":10},"end":{"line":28,"column":15}},"4":{"start":{"line":8,"column":32},"end":{"line":8,"column":64}},"5":{"start":{"line":9,"column":16},"end":{"line":24,"column":23}},"6":{"start":{"line":19,"column":57},"end":{"line":19,"column":86}},"7":{"start":{"line":32,"column":15},"end":{"line":32,"column":30}},"8":{"start":{"line":32,"column":30},"end":{"line":null,"column":-1}}},"fnMap":{"0":{"name":"(anonymous_0)","decl":{"start":{"line":3,"column":24},"end":{"line":3,"column":25}},"loc":{"start":{"line":3,"column":42},"end":{"line":30,"column":1}}},"1":{"name":"(anonymous_1)","decl":{"start":{"line":7,"column":30},"end":{"line":7,"column":36}},"loc":{"start":{"line":7,"column":41},"end":{"line":26,"column":14}}},"2":{"name":"(anonymous_2)","decl":{"start":{"line":19,"column":40},"end":{"line":19,"column":41}},"loc":{"start":{"line":19,"column":57},"end":{"line":19,"column":86}}}},"branchMap":{},"s":{"0":0,"1":0,"2":0,"3":0,"4":0,"5":0,"6":0,"7":0,"8":0},"f":{"0":0,"1":0,"2":0},"b":{}}
,"C:\\Users\\52557\\Documents\\react-apps\\note-app\\src\\components\\Togglable.jsx": {"path":"C:\\Users\\52557\\Documents\\react-apps\\note-app\\src\\components\\Togglable.jsx","statementMap":{"0":{"start":{"line":4,"column":18},"end":{"line":29,"column":2}},"1":{"start":{"line":5,"column":42},"end":{"line":5,"column":57}},"2":{"start":{"line":7,"column":27},"end":{"line":9,"column":3}},"3":{"start":{"line":8,"column":4},"end":{"line":8,"column":34}},"4":{"start":{"line":11,"column":2},"end":{"line":15,"column":4}},"5":{"start":{"line":12,"column":4},"end":{"line":14,"column":5}},"6":{"start":{"line":17,"column":2},"end":{"line":28,"column":3}},"7":{"start":{"line":31,"column":0},"end":{"line":33,"column":1}}},"fnMap":{"0":{"name":"(anonymous_0)","decl":{"start":{"line":4,"column":29},"end":{"line":4,"column":30}},"loc":{"start":{"line":4,"column":46},"end":{"line":29,"column":1}},"line":4},"1":{"name":"(anonymous_1)","decl":{"start":{"line":7,"column":27},"end":{"line":7,"column":28}},"loc":{"start":{"line":7,"column":33},"end":{"line":9,"column":3}},"line":7},"2":{"name":"(anonymous_2)","decl":{"start":{"line":11,"column":28},"end":{"line":11,"column":29}},"loc":{"start":{"line":11,"column":34},"end":{"line":15,"column":3}},"line":11}},"branchMap":{"0":{"loc":{"start":{"line":19,"column":17},"end":{"line":19,"column":68}},"type":"cond-expr","locations":[{"start":{"line":19,"column":33},"end":{"line":19,"column":47}},{"start":{"line":19,"column":50},"end":{"line":19,"column":68}}],"line":19},"1":{"loc":{"start":{"line":23,"column":47},"end":{"line":23,"column":97}},"type":"cond-expr","locations":[{"start":{"line":23,"column":62},"end":{"line":23,"column":76}},{"start":{"line":23,"column":79},"end":{"line":23,"column":97}}],"line":23}},"s":{"0":1,"1":7,"2":7,"3":3,"4":7,"5":0,"6":7,"7":1},"f":{"0":7,"1":3,"2":0},"b":{"0":[5,2],"1":[2,5]},"_coverageSchema":"332fd63041d2c1bcb487cc26dd0d5f7d97098a6c","hash":"dd0656c235a1be4b9b048886d379af51af6766d1"}
,"C:\\Users\\52557\\Documents\\react-apps\\note-app\\src\\components\\Total.jsx": {"path":"C:\\Users\\52557\\Documents\\react-apps\\note-app\\src\\components\\Total.jsx","statementMap":{"0":{"start":{"line":1,"column":0},"end":{"line":null,"column":-1}},"1":{"start":{"line":1,"column":26},"end":{"line":null,"column":-1}},"2":{"start":{"line":3,"column":14},"end":{"line":7,"column":1}},"3":{"start":{"line":4,"column":4},"end":{"line":5,"column":51}},"4":{"start":{"line":9,"column":15},"end":{"line":9,"column":20}},"5":{"start":{"line":9,"column":20},"end":{"line":null,"column":-1}}},"fnMap":{"0":{"name":"(anonymous_0)","decl":{"start":{"line":3,"column":14},"end":{"line":3,"column":18}},"loc":{"start":{"line":3,"column":23},"end":{"line":7,"column":1}}}},"branchMap":{},"s":{"0":0,"1":0,"2":0,"3":0,"4":0,"5":0},"f":{"0":0},"b":{}}
,"C:\\Users\\52557\\Documents\\react-apps\\note-app\\src\\components\\Vote.jsx": {"path":"C:\\Users\\52557\\Documents\\react-apps\\note-app\\src\\components\\Vote.jsx","statementMap":{"0":{"start":{"line":1,"column":0},"end":{"line":null,"column":-1}},"1":{"start":{"line":1,"column":26},"end":{"line":null,"column":-1}},"2":{"start":{"line":3,"column":13},"end":{"line":8,"column":1}},"3":{"start":{"line":4,"column":22},"end":{"line":4,"column":18}},"4":{"start":{"line":5,"column":4},"end":{"line":6,"column":47}},"5":{"start":{"line":10,"column":15},"end":{"line":10,"column":19}},"6":{"start":{"line":10,"column":19},"end":{"line":null,"column":-1}}},"fnMap":{"0":{"name":"(anonymous_0)","decl":{"start":{"line":3,"column":13},"end":{"line":3,"column":17}},"loc":{"start":{"line":3,"column":22},"end":{"line":8,"column":1}}}},"branchMap":{},"s":{"0":0,"1":0,"2":0,"3":0,"4":0,"5":0,"6":0},"f":{"0":0},"b":{}}
,"C:\\Users\\52557\\Documents\\react-apps\\note-app\\src\\components\\Winner.jsx": {"path":"C:\\Users\\52557\\Documents\\react-apps\\note-app\\src\\components\\Winner.jsx","statementMap":{"0":{"start":{"line":1,"column":0},"end":{"line":null,"column":-1}},"1":{"start":{"line":1,"column":26},"end":{"line":null,"column":-1}},"2":{"start":{"line":3,"column":15},"end":{"line":12,"column":1}},"3":{"start":{"line":4,"column":38},"end":{"line":4,"column":18}},"4":{"start":{"line":4,"column":38},"end":{"line":4,"column":28}},"5":{"start":{"line":4,"column":38},"end":{"line":4,"column":34}},"6":{"start":{"line":5,"column":4},"end":{"line":10,"column":10}},"7":{"start":{"line":14,"column":15},"end":{"line":14,"column":21}},"8":{"start":{"line":14,"column":21},"end":{"line":null,"column":-1}}},"fnMap":{"0":{"name":"(anonymous_0)","decl":{"start":{"line":3,"column":15},"end":{"line":3,"column":19}},"loc":{"start":{"line":3,"column":24},"end":{"line":12,"column":1}}}},"branchMap":{},"s":{"0":0,"1":0,"2":0,"3":0,"4":0,"5":0,"6":0,"7":0,"8":0},"f":{"0":0},"b":{}}
,"C:\\Users\\52557\\Documents\\react-apps\\note-app\\src\\components\\counter.jsx": {"path":"C:\\Users\\52557\\Documents\\react-apps\\note-app\\src\\components\\counter.jsx","statementMap":{"0":{"start":{"line":1,"column":0},"end":{"line":null,"column":-1}},"1":{"start":{"line":1,"column":39},"end":{"line":null,"column":-1}},"2":{"start":{"line":3,"column":32},"end":{"line":null,"column":-1}},"3":{"start":{"line":3,"column":32},"end":{"line":4,"column":23}},"4":{"start":{"line":7,"column":8},"end":{"line":11,"column":14}},"5":{"start":{"line":19,"column":15},"end":{"line":19,"column":22}},"6":{"start":{"line":19,"column":22},"end":{"line":null,"column":-1}}},"fnMap":{"0":{"name":"_getRequireWildcardCache","decl":{"start":{"line":1,"column":39},"end":{"line":null,"column":-1}},"loc":{"start":{"line":1,"column":39},"end":{"line":null,"column":-1}}},"1":{"name":"(anonymous_3)","decl":{"start":{"line":3,"column":32},"end":{"line":null,"column":-1}},"loc":{"start":{"line":3,"column":32},"end":{"line":4,"column":23}}},"2":{"name":"(anonymous_4)","decl":{"start":{"line":6,"column":4},"end":{"line":6,"column":9}},"loc":{"start":{"line":6,"column":13},"end":{"line":13,"column":4}}}},"branchMap":{"0":{"loc":{"start":{"line":1,"column":39},"end":{"line":null,"column":-1}},"type":"if","locations":[{"start":{"line":1,"column":39},"end":{"line":null,"column":-1}},{"start":{"line":1,"column":39},"end":{"line":null,"column":-1}}]},"1":{"loc":{"start":{"line":1,"column":39},"end":{"line":null,"column":-1}},"type":"binary-expr","locations":[{"start":{"line":1,"column":39},"end":{"line":null,"column":-1}},{"start":{"line":1,"column":39},"end":{"line":null,"column":-1}},{"start":{"line":1,"column":39},"end":{"line":null,"column":-1}}]}},"s":{"0":0,"1":0,"2":0,"3":0,"4":0,"5":0,"6":0},"f":{"0":0,"1":0,"2":0},"b":{"0":[0,0],"1":[0,0,0]}}
,"C:\\Users\\52557\\Documents\\react-apps\\note-app\\src\\components\\phonebook_components\\AddPerson.jsx": {"path":"C:\\Users\\52557\\Documents\\react-apps\\note-app\\src\\components\\phonebook_components\\AddPerson.jsx","statementMap":{"0":{"start":{"line":1,"column":0},"end":{"line":null,"column":-1}},"1":{"start":{"line":1,"column":26},"end":{"line":null,"column":-1}},"2":{"start":{"line":3,"column":18},"end":{"line":20,"column":1}},"3":{"start":{"line":4,"column":4},"end":{"line":18,"column":11}},"4":{"start":{"line":22,"column":15},"end":{"line":22,"column":24}},"5":{"start":{"line":22,"column":24},"end":{"line":null,"column":-1}}},"fnMap":{"0":{"name":"(anonymous_0)","decl":{"start":{"line":3,"column":18},"end":{"line":3,"column":19}},"loc":{"start":{"line":3,"column":69},"end":{"line":20,"column":1}}}},"branchMap":{},"s":{"0":0,"1":0,"2":0,"3":0,"4":0,"5":0},"f":{"0":0},"b":{}}
,"C:\\Users\\52557\\Documents\\react-apps\\note-app\\src\\components\\phonebook_components\\Filter.jsx": {"path":"C:\\Users\\52557\\Documents\\react-apps\\note-app\\src\\components\\phonebook_components\\Filter.jsx","statementMap":{"0":{"start":{"line":1,"column":0},"end":{"line":null,"column":-1}},"1":{"start":{"line":1,"column":26},"end":{"line":null,"column":-1}},"2":{"start":{"line":3,"column":15},"end":{"line":13,"column":1}},"3":{"start":{"line":4,"column":4},"end":{"line":11,"column":11}},"4":{"start":{"line":14,"column":15},"end":{"line":14,"column":21}},"5":{"start":{"line":14,"column":21},"end":{"line":null,"column":-1}}},"fnMap":{"0":{"name":"(anonymous_0)","decl":{"start":{"line":3,"column":15},"end":{"line":3,"column":16}},"loc":{"start":{"line":3,"column":61},"end":{"line":13,"column":1}}}},"branchMap":{},"s":{"0":0,"1":0,"2":0,"3":0,"4":0,"5":0},"f":{"0":0},"b":{}}
,"C:\\Users\\52557\\Documents\\react-apps\\note-app\\src\\components\\phonebook_components\\Notification.jsx": {"path":"C:\\Users\\52557\\Documents\\react-apps\\note-app\\src\\components\\phonebook_components\\Notification.jsx","statementMap":{"0":{"start":{"line":1,"column":0},"end":{"line":null,"column":-1}},"1":{"start":{"line":2,"column":0},"end":{"line":null,"column":-1}},"2":{"start":{"line":2,"column":35},"end":{"line":null,"column":-1}},"3":{"start":{"line":4,"column":21},"end":{"line":14,"column":1}},"4":{"start":{"line":5,"column":4},"end":{"line":5,"column":36}},"5":{"start":{"line":5,"column":25},"end":{"line":5,"column":36}},"6":{"start":{"line":7,"column":4},"end":{"line":12,"column":11}},"7":{"start":{"line":16,"column":15},"end":{"line":16,"column":27}},"8":{"start":{"line":16,"column":27},"end":{"line":null,"column":-1}}},"fnMap":{"0":{"name":"(anonymous_0)","decl":{"start":{"line":4,"column":21},"end":{"line":4,"column":22}},"loc":{"start":{"line":4,"column":43},"end":{"line":14,"column":1}}}},"branchMap":{"0":{"loc":{"start":{"line":5,"column":4},"end":{"line":5,"column":36}},"type":"if","locations":[{"start":{"line":5,"column":4},"end":{"line":5,"column":36}},{"start":{"line":5,"column":4},"end":{"line":5,"column":36}}]}},"s":{"0":0,"1":0,"2":0,"3":0,"4":0,"5":0,"6":0,"7":0,"8":0},"f":{"0":0},"b":{"0":[0,0]}}
,"C:\\Users\\52557\\Documents\\react-apps\\note-app\\src\\components\\phonebook_components\\Person.jsx": {"path":"C:\\Users\\52557\\Documents\\react-apps\\note-app\\src\\components\\phonebook_components\\Person.jsx","statementMap":{"0":{"start":{"line":1,"column":0},"end":{"line":null,"column":-1}},"1":{"start":{"line":1,"column":26},"end":{"line":null,"column":-1}},"2":{"start":{"line":3,"column":15},"end":{"line":11,"column":1}},"3":{"start":{"line":4,"column":4},"end":{"line":9,"column":11}},"4":{"start":{"line":13,"column":15},"end":{"line":13,"column":21}},"5":{"start":{"line":13,"column":21},"end":{"line":null,"column":-1}}},"fnMap":{"0":{"name":"(anonymous_0)","decl":{"start":{"line":3,"column":15},"end":{"line":3,"column":16}},"loc":{"start":{"line":3,"column":49},"end":{"line":11,"column":1}}}},"branchMap":{},"s":{"0":0,"1":0,"2":0,"3":0,"4":0,"5":0},"f":{"0":0},"b":{}}
,"C:\\Users\\52557\\Documents\\react-apps\\note-app\\src\\services\\login.js": {"path":"C:\\Users\\52557\\Documents\\react-apps\\note-app\\src\\services\\login.js","statementMap":{"0":{"start":{"line":1,"column":0},"end":{"line":null,"column":-1}},"1":{"start":{"line":3,"column":16},"end":{"line":3,"column":28}},"2":{"start":{"line":5,"column":14},"end":{"line":8,"column":1}},"3":{"start":{"line":6,"column":21},"end":{"line":6,"column":59}},"4":{"start":{"line":7,"column":4},"end":{"line":7,"column":24}},"5":{"start":{"line":10,"column":15},"end":{"line":10,"column":24}},"6":{"start":{"line":10,"column":24},"end":{"line":null,"column":-1}}},"fnMap":{"0":{"name":"(anonymous_0)","decl":{"start":{"line":5,"column":14},"end":{"line":5,"column":20}},"loc":{"start":{"line":5,"column":37},"end":{"line":8,"column":1}}}},"branchMap":{},"s":{"0":0,"1":0,"2":0,"3":0,"4":0,"5":0,"6":0},"f":{"0":0},"b":{}}
,"C:\\Users\\52557\\Documents\\react-apps\\note-app\\src\\services\\notes.js": {"path":"C:\\Users\\52557\\Documents\\react-apps\\note-app\\src\\services\\notes.js","statementMap":{"0":{"start":{"line":1,"column":0},"end":{"line":null,"column":-1}},"1":{"start":{"line":2,"column":16},"end":{"line":2,"column":28}},"2":{"start":{"line":4,"column":12},"end":{"line":4,"column":16}},"3":{"start":{"line":6,"column":17},"end":{"line":8,"column":1}},"4":{"start":{"line":7,"column":2},"end":{"line":7,"column":30}},"5":{"start":{"line":10,"column":15},"end":{"line":14,"column":3}},"6":{"start":{"line":11,"column":19},"end":{"line":11,"column":39}},"7":{"start":{"line":12,"column":15},"end":{"line":12,"column":36}},"8":{"start":{"line":13,"column":4},"end":{"line":13,"column":15}},"9":{"start":{"line":16,"column":17},"end":{"line":25,"column":3}},"10":{"start":{"line":17,"column":20},"end":{"line":21,"column":5}},"11":{"start":{"line":22,"column":21},"end":{"line":22,"column":66}},"12":{"start":{"line":23,"column":4},"end":{"line":23,"column":24}},"13":{"start":{"line":27,"column":17},"end":{"line":29,"column":3}},"14":{"start":{"line":28,"column":4},"end":{"line":28,"column":51}},"15":{"start":{"line":31,"column":23},"end":{"line":33,"column":3}},"16":{"start":{"line":32,"column":4},"end":{"line":32,"column":43}},"17":{"start":{"line":36,"column":17},"end":{"line":36,"column":65}},"18":{"start":{"line":36,"column":65},"end":{"line":null,"column":-1}}},"fnMap":{"0":{"name":"(anonymous_0)","decl":{"start":{"line":6,"column":17},"end":{"line":6,"column":24}},"loc":{"start":{"line":6,"column":29},"end":{"line":8,"column":1}}},"1":{"name":"(anonymous_1)","decl":{"start":{"line":10,"column":15},"end":{"line":10,"column":26}},"loc":{"start":{"line":10,"column":27},"end":{"line":14,"column":3}}},"2":{"name":"(anonymous_2)","decl":{"start":{"line":16,"column":17},"end":{"line":16,"column":22}},"loc":{"start":{"line":16,"column":36},"end":{"line":25,"column":3}}},"3":{"name":"(anonymous_3)","decl":{"start":{"line":27,"column":17},"end":{"line":27,"column":18}},"loc":{"start":{"line":27,"column":36},"end":{"line":29,"column":3}}},"4":{"name":"(anonymous_4)","decl":{"start":{"line":31,"column":23},"end":{"line":31,"column":24}},"loc":{"start":{"line":31,"column":30},"end":{"line":33,"column":3}}}},"branchMap":{},"s":{"0":0,"1":0,"2":0,"3":0,"4":0,"5":0,"6":0,"7":0,"8":0,"9":0,"10":0,"11":0,"12":0,"13":0,"14":0,"15":0,"16":0,"17":0,"18":0},"f":{"0":0,"1":0,"2":0,"3":0,"4":0},"b":{}}
}
